生成启动时间为 2017/5/3 21:14:46。
     1>项目“E:\SFML_Example\Example3\Example1\Example1.vcxproj”在节点 2 上(Build 个目标)。
     1>ClCompile:
         C:\Program Files (x86)\Microsoft Visual Studio 12.0\VC\bin\CL.exe /c /ZI /nologo /W3 /WX- /sdl /Od /Oy- /D WIN32 /D _DEBUG /D _CONSOLE /D _LIB /D _UNICODE /D UNICODE /Gm /EHsc /RTC1 /MDd /GS /fp:precise /Zc:wchar_t /Zc:forScope /Fo"Debug\\" /Fd"Debug\vc120.pdb" /Gd /TP /analyze- /errorReport:prompt Example1.cpp Snake.cpp
         Example1.cpp
     1>e:\sfml_example\example3\example1\textbox.h(48): warning C4244: “参数”: 从“int”转换到“float”，可能丢失数据
     1>e:\sfml_example\example3\example1\world.h(34): warning C4244: “参数”: 从“int”转换到“float”，可能丢失数据
     1>e:\sfml_example\example3\example1\world.h(40): warning C4244: “参数”: 从“int”转换到“float”，可能丢失数据
     1>e:\sfml_example\example3\example1\world.h(40): warning C4244: “参数”: 从“unsigned int”转换到“float”，可能丢失数据
     1>e:\sfml_example\example3\example1\world.h(44): warning C4244: “参数”: 从“unsigned int”转换到“float”，可能丢失数据
     1>e:\sfml_example\example3\example1\world.h(44): warning C4244: “参数”: 从“int”转换到“float”，可能丢失数据
     1>e:\sfml_example\example3\example1\world.h(61): warning C4244: “参数”: 从“time_t”转换到“unsigned int”，可能丢失数据
     1>e:\sfml_example\example3\example1\world.h(63): warning C4244: “参数”: 从“int”转换到“float”，可能丢失数据
         正在生成代码...
         正在跳过...(未检测到相关更改)
         Snake.cpp
       Link:
         C:\Program Files (x86)\Microsoft Visual Studio 12.0\VC\bin\link.exe /ERRORREPORT:PROMPT /OUT:"E:\SFML_Example\Example3\Debug\Example1.exe" /INCREMENTAL /NOLOGO "sfml-system-d.lib" "sfml-main-d.lib" "sfml-graphics-d.lib" "sfml-audio-d.lib" "sfml-network-d.lib" "sfml-window-d.lib" kernel32.lib user32.lib gdi32.lib winspool.lib comdlg32.lib advapi32.lib shell32.lib ole32.lib oleaut32.lib uuid.lib odbc32.lib odbccp32.lib /MANIFEST /MANIFESTUAC:"level='asInvoker' uiAccess='false'" /manifest:embed /DEBUG /PDB:"E:\SFML_Example\Example3\Debug\Example1.pdb" /SUBSYSTEM:CONSOLE /TLBID:1 /DYNAMICBASE /NXCOMPAT /IMPLIB:"E:\SFML_Example\Example3\Debug\Example1.lib" /MACHINE:X86 Debug\Example1.obj
         Debug\Snake.obj
         Debug\stdafx.obj
         Example1.vcxproj -> E:\SFML_Example\Example3\Debug\Example1.exe
     1>已完成生成项目“E:\SFML_Example\Example3\Example1\Example1.vcxproj”(Build 个目标)的操作。

生成成功。

已用时间 00:00:00.86
